------------------------------------------------------------------------------------------------------------------------

[2018-10-20 12:30:59 #1 store] 
Database 'C:\Users\Adrian\Desktop\2017Proiektua\RuralHouse-2017Int\landetxeak2.temp' is opened by 3760@adri

[2018-10-20 12:30:59 #2 type] 
Type domain.RuralHouse is not enhanced.

[2018-10-20 12:30:59 #3 type] 
Type domain.Offer is not enhanced.

------------------------------------------------------------------------------------------------------------------------

[2018-10-20 12:37:58 #1 store] 
Database 'C:\Users\Adrian\Desktop\2017Proiektua\RuralHouse-2017Int\landetxeak2.temp' is opened by 16376@adri

[2018-10-20 12:37:58 #2 type] 
Type domain.RuralHouse is not enhanced.

[2018-10-20 12:37:58 #3 type] 
Type domain.Offer is not enhanced.

------------------------------------------------------------------------------------------------------------------------

[2018-10-20 12:38:20 #1 store] 
Database 'C:\Users\Adrian\Desktop\2017Proiektua\RuralHouse-2017Int\landetxeak2.temp' is opened by 16300@adri

[2018-10-20 12:38:20 #2 type] 
Type domain.RuralHouse is not enhanced.

[2018-10-20 12:38:20 #3 type] 
Type domain.Offer is not enhanced.

------------------------------------------------------------------------------------------------------------------------

[2018-10-20 13:02:47 #1 store] 
Database 'C:\Users\Adrian\Desktop\2017Proiektua\RuralHouse-2017Int\landetxeak2.temp' is opened by 2596@adri

[2018-10-20 13:02:48 #2 type] 
Type domain.RuralHouse is not enhanced.

[2018-10-20 13:02:48 #3 type] 
Type domain.Offer is not enhanced.

------------------------------------------------------------------------------------------------------------------------

[2018-10-20 13:04:11 #1 store] 
Database 'C:\Users\Adrian\Desktop\2017Proiektua\RuralHouse-2017Int\landetxeak2.temp' is opened by 1408@adri

[2018-10-20 13:04:12 #2 type] 
Type domain.RuralHouse is not enhanced.

[2018-10-20 13:04:12 #3 type] 
Type domain.Offer is not enhanced.

------------------------------------------------------------------------------------------------------------------------

[2018-10-20 13:04:35 #1 store] 
Database 'C:\Users\Adrian\Desktop\2017Proiektua\RuralHouse-2017Int\landetxeak2.temp' is opened by 8180@adri

[2018-10-20 13:04:35 #2 type] 
Type domain.RuralHouse is not enhanced.

[2018-10-20 13:04:35 #3 type] 
Type domain.Offer is not enhanced.

------------------------------------------------------------------------------------------------------------------------

[2018-10-20 13:05:32 #1 store] 
Database 'C:\Users\Adrian\Desktop\2017Proiektua\RuralHouse-2017Int\landetxeak2.temp' is opened by 5588@adri

[2018-10-20 13:05:32 #2 type] 
Type domain.RuralHouse is not enhanced.

[2018-10-20 13:05:32 #3 type] 
Type domain.Offer is not enhanced.

------------------------------------------------------------------------------------------------------------------------

[2018-10-20 13:05:49 #1 store] 
Database 'C:\Users\Adrian\Desktop\2017Proiektua\RuralHouse-2017Int\landetxeak2.temp' is opened by 5560@adri

[2018-10-20 13:05:50 #2 type] 
Type domain.RuralHouse is not enhanced.

[2018-10-20 13:05:50 #3 type] 
Type domain.Offer is not enhanced.

------------------------------------------------------------------------------------------------------------------------

[2018-10-20 13:06:04 #1 store] 
Database 'C:\Users\Adrian\Desktop\2017Proiektua\RuralHouse-2017Int\landetxeak2.temp' is opened by 9644@adri

[2018-10-20 13:06:04 #2 type] 
Type domain.RuralHouse is not enhanced.

[2018-10-20 13:06:04 #3 type] 
Type domain.Offer is not enhanced.

------------------------------------------------------------------------------------------------------------------------

[2018-10-20 13:11:30 #1 store] 
Database 'C:\Users\Adrian\Desktop\2017Proiektua\RuralHouse-2017Int\landetxeak2.temp' is opened by 9100@adri

[2018-10-20 13:11:30 #2 type] 
Type domain.RuralHouse is not enhanced.

[2018-10-20 13:11:30 #3 type] 
Type domain.Offer is not enhanced.

------------------------------------------------------------------------------------------------------------------------

[2018-10-20 13:12:21 #1 store] 
Database 'C:\Users\Adrian\Desktop\2017Proiektua\RuralHouse-2017Int\landetxeak2.temp' is opened by 11816@adri

[2018-10-20 13:12:21 #2 type] 
Type domain.RuralHouse is not enhanced.

[2018-10-20 13:12:21 #3 type] 
Type domain.Offer is not enhanced.

------------------------------------------------------------------------------------------------------------------------

[2018-10-20 13:12:39 #1 store] 
Database 'C:\Users\Adrian\Desktop\2017Proiektua\RuralHouse-2017Int\landetxeak2.temp' is opened by 12132@adri

[2018-10-20 13:12:39 #2 type] 
Type domain.RuralHouse is not enhanced.

[2018-10-20 13:12:39 #3 type] 
Type domain.Offer is not enhanced.

------------------------------------------------------------------------------------------------------------------------

[2018-10-20 13:14:46 #1 store] 
Database 'C:\Users\Adrian\Desktop\2017Proiektua\RuralHouse-2017Int\landetxeak2.temp' is opened by 5812@adri

[2018-10-20 13:14:46 #2 type] 
Type domain.RuralHouse is not enhanced.

[2018-10-20 13:14:46 #3 type] 
Type domain.Offer is not enhanced.

------------------------------------------------------------------------------------------------------------------------

[2018-10-20 13:15:53 #1 store] 
Database 'C:\Users\Adrian\Desktop\2017Proiektua\RuralHouse-2017Int\landetxeak2.temp' is opened by 5448@adri

[2018-10-20 13:15:53 #2 type] 
Type domain.RuralHouse is not enhanced.

[2018-10-20 13:15:53 #3 type] 
Type domain.Offer is not enhanced.

------------------------------------------------------------------------------------------------------------------------

[2018-10-20 13:18:52 #1 store] 
Database 'C:\Users\Adrian\Desktop\2017Proiektua\RuralHouse-2017Int\landetxeak2.temp' is opened by 9384@adri

[2018-10-20 13:18:52 #2 type] 
Type domain.RuralHouse is not enhanced.

[2018-10-20 13:18:52 #3 type] 
Type domain.Offer is not enhanced.

