------------------------------------------------------------------------------------------------------------------------

[2018-10-18 11:26:25 #1 store] 
Database 'C:\Users\Adrian\Desktop\2017Proiektua\RuralHouse-2017Int\landetxeak2.temp' has been recovered (tr. 17-18)

[2018-10-18 11:26:25 #2 store] 
Database 'C:\Users\Adrian\Desktop\2017Proiektua\RuralHouse-2017Int\landetxeak2.temp' is opened by 3040@adri

[2018-10-18 11:26:25 #3 type] 
Type domain.RuralHouse is not enhanced.

[2018-10-18 11:26:25 #4 type] 
Type domain.Offer is not enhanced.

------------------------------------------------------------------------------------------------------------------------

[2018-10-18 11:28:28 #1 store] 
Database 'C:\Users\Adrian\Desktop\2017Proiektua\RuralHouse-2017Int\landetxeak2.temp' is opened by 3372@adri

[2018-10-18 11:28:28 #2 type] 
Type domain.RuralHouse is not enhanced.

[2018-10-18 11:28:28 #3 type] 
Type domain.Offer is not enhanced.

------------------------------------------------------------------------------------------------------------------------

[2018-10-18 11:30:42 #1 store] 
Database 'C:\Users\Adrian\Desktop\2017Proiektua\RuralHouse-2017Int\landetxeak2.temp' has been recovered (tr. 19-19)

[2018-10-18 11:30:42 #2 store] 
Database 'C:\Users\Adrian\Desktop\2017Proiektua\RuralHouse-2017Int\landetxeak2.temp' is opened by 8896@adri

[2018-10-18 11:30:42 #3 type] 
Type domain.RuralHouse is not enhanced.

[2018-10-18 11:30:42 #4 type] 
Type domain.Offer is not enhanced.

------------------------------------------------------------------------------------------------------------------------

[2018-10-18 11:33:50 #1 store] 
Database 'C:\Users\Adrian\Desktop\2017Proiektua\RuralHouse-2017Int\landetxeak2.temp' is opened by 14048@adri

[2018-10-18 11:33:51 #2 type] 
Type domain.RuralHouse is not enhanced.

[2018-10-18 11:33:51 #3 type] 
Type domain.Offer is not enhanced.

------------------------------------------------------------------------------------------------------------------------

[2018-10-18 11:34:30 #1 store] 
Database 'C:\Users\Adrian\Desktop\2017Proiektua\RuralHouse-2017Int\landetxeak2.temp' is opened by 3896@adri

[2018-10-18 11:34:30 #2 type] 
Type domain.RuralHouse is not enhanced.

[2018-10-18 11:34:30 #3 type] 
Type domain.Offer is not enhanced.

------------------------------------------------------------------------------------------------------------------------

[2018-10-18 11:36:10 #1 store] 
Database 'C:\Users\Adrian\Desktop\2017Proiektua\RuralHouse-2017Int\landetxeak2.temp' is opened by 9996@adri

[2018-10-18 11:36:10 #2 type] 
Type domain.RuralHouse is not enhanced.

[2018-10-18 11:36:10 #3 type] 
Type domain.Offer is not enhanced.

------------------------------------------------------------------------------------------------------------------------

[2018-10-18 11:36:44 #1 store] 
Database 'C:\Users\Adrian\Desktop\2017Proiektua\RuralHouse-2017Int\landetxeak2.temp' is opened by 12868@adri

[2018-10-18 11:36:44 #2 type] 
Type domain.RuralHouse is not enhanced.

[2018-10-18 11:36:44 #3 type] 
Type domain.Offer is not enhanced.

------------------------------------------------------------------------------------------------------------------------

[2018-10-18 11:37:04 #1 store] 
Database 'C:\Users\Adrian\Desktop\2017Proiektua\RuralHouse-2017Int\landetxeak2.temp' has been recovered (tr. 20-20)

[2018-10-18 11:37:04 #2 store] 
Database 'C:\Users\Adrian\Desktop\2017Proiektua\RuralHouse-2017Int\landetxeak2.temp' is opened by 15064@adri

[2018-10-18 11:37:04 #3 type] 
Type domain.RuralHouse is not enhanced.

[2018-10-18 11:37:04 #4 type] 
Type domain.Offer is not enhanced.

------------------------------------------------------------------------------------------------------------------------

[2018-10-18 11:37:46 #1 store] 
Database 'C:\Users\Adrian\Desktop\2017Proiektua\RuralHouse-2017Int\landetxeak2.temp' is opened by 4592@adri

[2018-10-18 11:37:46 #2 type] 
Type domain.RuralHouse is not enhanced.

[2018-10-18 11:37:46 #3 type] 
Type domain.Offer is not enhanced.

------------------------------------------------------------------------------------------------------------------------

[2018-10-18 11:38:04 #1 store] 
Database 'C:\Users\Adrian\Desktop\2017Proiektua\RuralHouse-2017Int\landetxeak2.temp' is opened by 14252@adri

[2018-10-18 11:38:04 #2 type] 
Type domain.RuralHouse is not enhanced.

[2018-10-18 11:38:04 #3 type] 
Type domain.Offer is not enhanced.

------------------------------------------------------------------------------------------------------------------------

[2018-10-18 11:41:26 #1 store] 
Database 'C:\Users\Adrian\Desktop\2017Proiektua\RuralHouse-2017Int\landetxeak2.temp' is opened by 10904@adri

[2018-10-18 11:41:26 #2 type] 
Type domain.RuralHouse is not enhanced.

[2018-10-18 11:41:26 #3 type] 
Type domain.Offer is not enhanced.

------------------------------------------------------------------------------------------------------------------------

[2018-10-18 11:50:08 #1 store] 
Database 'C:\Users\Adrian\Desktop\2017Proiektua\RuralHouse-2017Int\landetxeak2.temp' is opened by 14964@adri

[2018-10-18 11:50:08 #2 type] 
Type domain.RuralHouse is not enhanced.

[2018-10-18 11:50:08 #3 type] 
Type domain.Offer is not enhanced.

------------------------------------------------------------------------------------------------------------------------

[2018-10-18 12:07:18 #1 store] 
Database 'C:\Users\Adrian\Desktop\2017Proiektua\RuralHouse-2017Int\landetxeak2.temp' is opened by 14028@adri

[2018-10-18 12:07:18 #2 type] 
Type domain.RuralHouse is not enhanced.

[2018-10-18 12:07:18 #3 type] 
Type domain.Offer is not enhanced.

------------------------------------------------------------------------------------------------------------------------

[2018-10-18 12:09:20 #1 store] 
Database 'C:\Users\Adrian\Desktop\2017Proiektua\RuralHouse-2017Int\landetxeak2.temp' is opened by 11444@adri

[2018-10-18 12:09:20 #2 type] 
Type domain.RuralHouse is not enhanced.

[2018-10-18 12:09:20 #3 type] 
Type domain.Offer is not enhanced.

------------------------------------------------------------------------------------------------------------------------

[2018-10-18 12:14:10 #1 store] 
Database 'C:\Users\Adrian\Desktop\2017Proiektua\RuralHouse-2017Int\landetxeak2.temp' is opened by 4696@adri

[2018-10-18 12:14:10 #2 type] 
Type domain.RuralHouse is not enhanced.

[2018-10-18 12:14:10 #3 type] 
Type domain.Offer is not enhanced.

------------------------------------------------------------------------------------------------------------------------

[2018-10-18 12:17:07 #1 store] 
Database 'C:\Users\Adrian\Desktop\2017Proiektua\RuralHouse-2017Int\landetxeak2.temp' is opened by 8580@adri

[2018-10-18 12:17:07 #2 type] 
Type domain.RuralHouse is not enhanced.

[2018-10-18 12:17:07 #3 type] 
Type domain.Offer is not enhanced.

------------------------------------------------------------------------------------------------------------------------

[2018-10-18 12:29:53 #1 store] 
Database 'C:\Users\Adrian\Desktop\2017Proiektua\RuralHouse-2017Int\landetxeak2.temp' is opened by 13388@adri

[2018-10-18 12:29:53 #2 type] 
Type domain.RuralHouse is not enhanced.

[2018-10-18 12:29:53 #3 type] 
Type domain.Offer is not enhanced.

------------------------------------------------------------------------------------------------------------------------

[2018-10-18 12:40:55 #1 store] 
Database 'C:\Users\Adrian\Desktop\2017Proiektua\RuralHouse-2017Int\landetxeak2.temp' is opened by 920@adri

[2018-10-18 12:40:55 #2 type] 
Type domain.RuralHouse is not enhanced.

[2018-10-18 12:40:55 #3 type] 
Type domain.Offer is not enhanced.

------------------------------------------------------------------------------------------------------------------------

[2018-10-18 12:41:20 #1 store] 
Database 'C:\Users\Adrian\Desktop\2017Proiektua\RuralHouse-2017Int\landetxeak2.temp' is opened by 11700@adri

[2018-10-18 12:41:20 #2 type] 
Type domain.RuralHouse is not enhanced.

[2018-10-18 12:41:20 #3 type] 
Type domain.Offer is not enhanced.

------------------------------------------------------------------------------------------------------------------------

[2018-10-18 12:42:24 #1 store] 
Database 'C:\Users\Adrian\Desktop\2017Proiektua\RuralHouse-2017Int\landetxeak2.temp' is opened by 6360@adri

[2018-10-18 12:42:24 #2 type] 
Type domain.RuralHouse is not enhanced.

[2018-10-18 12:42:24 #3 type] 
Type domain.Offer is not enhanced.

------------------------------------------------------------------------------------------------------------------------

[2018-10-18 12:44:15 #1 store] 
Database 'C:\Users\Adrian\Desktop\2017Proiektua\RuralHouse-2017Int\landetxeak2.temp' is opened by 9112@adri

[2018-10-18 12:44:15 #2 type] 
Type domain.RuralHouse is not enhanced.

[2018-10-18 12:44:15 #3 type] 
Type domain.Offer is not enhanced.

------------------------------------------------------------------------------------------------------------------------

[2018-10-18 12:46:14 #1 store] 
Database 'C:\Users\Adrian\Desktop\2017Proiektua\RuralHouse-2017Int\landetxeak2.temp' is opened by 10664@adri

[2018-10-18 12:46:14 #2 type] 
Type domain.RuralHouse is not enhanced.

[2018-10-18 12:46:14 #3 type] 
Type domain.Offer is not enhanced.

------------------------------------------------------------------------------------------------------------------------

[2018-10-18 12:50:38 #1 store] 
Database 'C:\Users\Adrian\Desktop\2017Proiektua\RuralHouse-2017Int\landetxeak2.temp' is opened by 10172@adri

[2018-10-18 12:50:38 #2 type] 
Type domain.RuralHouse is not enhanced.

[2018-10-18 12:50:38 #3 type] 
Type domain.Offer is not enhanced.

------------------------------------------------------------------------------------------------------------------------

[2018-10-18 12:51:14 #1 store] 
Database 'C:\Users\Adrian\Desktop\2017Proiektua\RuralHouse-2017Int\landetxeak2.temp' is opened by 3304@adri

[2018-10-18 12:51:14 #2 type] 
Type domain.RuralHouse is not enhanced.

[2018-10-18 12:51:14 #3 type] 
Type domain.Offer is not enhanced.

------------------------------------------------------------------------------------------------------------------------

[2018-10-18 12:53:53 #1 store] 
Database 'C:\Users\Adrian\Desktop\2017Proiektua\RuralHouse-2017Int\landetxeak2.temp' is opened by 4224@adri

[2018-10-18 12:53:53 #2 type] 
Type domain.RuralHouse is not enhanced.

[2018-10-18 12:53:53 #3 type] 
Type domain.Offer is not enhanced.

------------------------------------------------------------------------------------------------------------------------

[2018-10-18 12:54:38 #1 store] 
Database 'C:\Users\Adrian\Desktop\2017Proiektua\RuralHouse-2017Int\landetxeak2.temp' is opened by 10224@adri

[2018-10-18 12:54:38 #2 type] 
Type domain.RuralHouse is not enhanced.

[2018-10-18 12:54:38 #3 type] 
Type domain.Offer is not enhanced.

------------------------------------------------------------------------------------------------------------------------

[2018-10-18 12:54:55 #1 store] 
Database 'C:\Users\Adrian\Desktop\2017Proiektua\RuralHouse-2017Int\landetxeak2.temp' is opened by 4344@adri

[2018-10-18 12:54:55 #2 type] 
Type domain.RuralHouse is not enhanced.

[2018-10-18 12:54:55 #3 type] 
Type domain.Offer is not enhanced.

------------------------------------------------------------------------------------------------------------------------

[2018-10-18 12:55:43 #1 store] 
Database 'C:\Users\Adrian\Desktop\2017Proiektua\RuralHouse-2017Int\landetxeak2.temp' is opened by 14084@adri

[2018-10-18 12:55:43 #2 type] 
Type domain.RuralHouse is not enhanced.

[2018-10-18 12:55:43 #3 type] 
Type domain.Offer is not enhanced.

------------------------------------------------------------------------------------------------------------------------

[2018-10-18 12:56:05 #1 store] 
Database 'C:\Users\Adrian\Desktop\2017Proiektua\RuralHouse-2017Int\landetxeak2.temp' is opened by 10984@adri

[2018-10-18 12:56:06 #2 type] 
Type domain.RuralHouse is not enhanced.

[2018-10-18 12:56:06 #3 type] 
Type domain.Offer is not enhanced.

------------------------------------------------------------------------------------------------------------------------

[2018-10-18 12:56:10 #1 store] 
Database 'C:\Users\Adrian\Desktop\2017Proiektua\RuralHouse-2017Int\landetxeak2.temp' is opened by 2696@adri

[2018-10-18 12:56:10 #2 type] 
Type domain.RuralHouse is not enhanced.

[2018-10-18 12:56:10 #3 type] 
Type domain.Offer is not enhanced.

------------------------------------------------------------------------------------------------------------------------

[2018-10-18 12:56:20 #1 store] 
Database 'C:\Users\Adrian\Desktop\2017Proiektua\RuralHouse-2017Int\landetxeak2.temp' is opened by 1912@adri

[2018-10-18 12:56:20 #2 type] 
Type domain.RuralHouse is not enhanced.

[2018-10-18 12:56:20 #3 type] 
Type domain.Offer is not enhanced.

------------------------------------------------------------------------------------------------------------------------

[2018-10-18 12:57:13 #1 store] 
Database 'C:\Users\Adrian\Desktop\2017Proiektua\RuralHouse-2017Int\landetxeak2.temp' is opened by 9928@adri

[2018-10-18 12:57:13 #2 type] 
Type domain.RuralHouse is not enhanced.

[2018-10-18 12:57:13 #3 type] 
Type domain.Offer is not enhanced.

------------------------------------------------------------------------------------------------------------------------

[2018-10-18 12:58:43 #1 store] 
Database 'C:\Users\Adrian\Desktop\2017Proiektua\RuralHouse-2017Int\landetxeak2.temp' is opened by 13452@adri

[2018-10-18 12:58:43 #2 type] 
Type domain.RuralHouse is not enhanced.

[2018-10-18 12:58:43 #3 type] 
Type domain.Offer is not enhanced.

------------------------------------------------------------------------------------------------------------------------

[2018-10-18 12:59:46 #1 store] 
Database 'C:\Users\Adrian\Desktop\2017Proiektua\RuralHouse-2017Int\landetxeak2.temp' is opened by 13248@adri

[2018-10-18 12:59:47 #2 type] 
Type domain.RuralHouse is not enhanced.

[2018-10-18 12:59:47 #3 type] 
Type domain.Offer is not enhanced.

------------------------------------------------------------------------------------------------------------------------

[2018-10-18 13:00:15 #1 store] 
Database 'C:\Users\Adrian\Desktop\2017Proiektua\RuralHouse-2017Int\landetxeak2.temp' is opened by 12596@adri

[2018-10-18 13:00:15 #2 type] 
Type domain.RuralHouse is not enhanced.

[2018-10-18 13:00:15 #3 type] 
Type domain.Offer is not enhanced.

------------------------------------------------------------------------------------------------------------------------

[2018-10-18 13:00:53 #1 store] 
Database 'C:\Users\Adrian\Desktop\2017Proiektua\RuralHouse-2017Int\landetxeak2.temp' is opened by 9436@adri

[2018-10-18 13:00:53 #2 type] 
Type domain.RuralHouse is not enhanced.

[2018-10-18 13:00:53 #3 type] 
Type domain.Offer is not enhanced.

------------------------------------------------------------------------------------------------------------------------

[2018-10-18 13:04:54 #1 store] 
Database 'C:\Users\Adrian\Desktop\2017Proiektua\RuralHouse-2017Int\landetxeak2.temp' is opened by 988@adri

[2018-10-18 13:04:54 #2 type] 
Type domain.RuralHouse is not enhanced.

[2018-10-18 13:04:54 #3 type] 
Type domain.Offer is not enhanced.

------------------------------------------------------------------------------------------------------------------------

[2018-10-18 13:06:35 #1 store] 
Database 'C:\Users\Adrian\Desktop\2017Proiektua\RuralHouse-2017Int\landetxeak2.temp' is opened by 3120@adri

[2018-10-18 13:06:35 #2 type] 
Type domain.RuralHouse is not enhanced.

[2018-10-18 13:06:35 #3 type] 
Type domain.Offer is not enhanced.

------------------------------------------------------------------------------------------------------------------------

[2018-10-18 13:07:10 #1 store] 
Database 'C:\Users\Adrian\Desktop\2017Proiektua\RuralHouse-2017Int\landetxeak2.temp' is opened by 10504@adri

[2018-10-18 13:07:10 #2 type] 
Type domain.RuralHouse is not enhanced.

[2018-10-18 13:07:10 #3 type] 
Type domain.Offer is not enhanced.

------------------------------------------------------------------------------------------------------------------------

[2018-10-18 13:10:32 #1 store] 
Database 'C:\Users\Adrian\Desktop\2017Proiektua\RuralHouse-2017Int\landetxeak2.temp' is opened by 3412@adri

[2018-10-18 13:10:33 #2 type] 
Type domain.RuralHouse is not enhanced.

[2018-10-18 13:10:33 #3 type] 
Type domain.Offer is not enhanced.

------------------------------------------------------------------------------------------------------------------------

[2018-10-18 13:10:45 #1 store] 
Database 'C:\Users\Adrian\Desktop\2017Proiektua\RuralHouse-2017Int\landetxeak2.temp' is opened by 4308@adri

[2018-10-18 13:10:46 #2 type] 
Type domain.RuralHouse is not enhanced.

[2018-10-18 13:10:46 #3 type] 
Type domain.Offer is not enhanced.

------------------------------------------------------------------------------------------------------------------------

[2018-10-18 13:12:38 #1 store] 
Database 'C:\Users\Adrian\Desktop\2017Proiektua\RuralHouse-2017Int\landetxeak2.temp' is opened by 9060@adri

[2018-10-18 13:12:38 #2 type] 
Type domain.RuralHouse is not enhanced.

[2018-10-18 13:12:38 #3 type] 
Type domain.Offer is not enhanced.

